mai. 01, 2025 11:30:13 PM liquibase.changelog
INFORMAÇÕES: Reading resource: db/changelog/migrations/db.changelog-202504261242.sql
mai. 01, 2025 11:30:13 PM liquibase.changelog
INFORMAÇÕES: Reading resource: db/changelog/migrations/db.changelog-202505011324.sql
mai. 01, 2025 11:30:13 PM liquibase.changelog
INFORMAÇÕES: Reading resource: db/changelog/migrations/db.changelog-202505011333.sql
mai. 01, 2025 11:30:13 PM liquibase.changelog
INFORMAÇÕES: Reading resource: db/changelog/migrations/db.changelog-202505011338.sql
mai. 01, 2025 11:30:14 PM liquibase.changelog
INFORMAÇÕES: Reading from cardo.databasechangelog
Database is up to date, no changesets to execute
mai. 01, 2025 11:30:14 PM liquibase.changelog
INFORMAÇÕES: Reading from cardo.databasechangelog

UPDATE SUMMARY
Run:                          0
Previously run:               4
Filtered out:                 0
-------------------------------
Total change sets:            4

mai. 01, 2025 11:30:14 PM liquibase.util
INFORMAÇÕES: UPDATE SUMMARY
mai. 01, 2025 11:30:14 PM liquibase.util
INFORMAÇÕES: Run:                          0
mai. 01, 2025 11:30:14 PM liquibase.util
INFORMAÇÕES: Previously run:               4
mai. 01, 2025 11:30:14 PM liquibase.util
INFORMAÇÕES: Filtered out:                 0
mai. 01, 2025 11:30:14 PM liquibase.util
INFORMAÇÕES: -------------------------------
mai. 01, 2025 11:30:14 PM liquibase.util
INFORMAÇÕES: Total change sets:            4
mai. 01, 2025 11:30:14 PM liquibase.util
INFORMAÇÕES: Update summary generated
mai. 01, 2025 11:30:14 PM liquibase.lockservice
INFORMAÇÕES: Successfully released change log lock
mai. 01, 2025 11:30:14 PM liquibase.command
INFORMAÇÕES: Command execution complete
